[debug] [2026-01-04T00:07:20.590Z] ----------------------------------------------------------------------
[debug] [2026-01-04T00:07:20.592Z] Command:       /usr/local/bin/node /usr/local/bin/firebase deploy --only hosting,functions
[debug] [2026-01-04T00:07:20.592Z] CLI Version:   14.15.2
[debug] [2026-01-04T00:07:20.592Z] Platform:      darwin
[debug] [2026-01-04T00:07:20.592Z] Node Version:  v22.19.0
[debug] [2026-01-04T00:07:20.592Z] Time:          Sat Jan 03 2026 19:07:20 GMT-0500 (Eastern Standard Time)
[debug] [2026-01-04T00:07:20.592Z] ----------------------------------------------------------------------
[debug] 
[debug] [2026-01-04T00:07:20.675Z] > command requires scopes: ["email","openid","https://www.googleapis.com/auth/cloudplatformprojects.readonly","https://www.googleapis.com/auth/firebase","https://www.googleapis.com/auth/cloud-platform"]
[debug] [2026-01-04T00:07:20.675Z] > authorizing via signed-in user (stephenborish@gmail.com)
[debug] [2026-01-04T00:07:20.675Z] [iam] checking project classroomproctor for permissions ["cloudfunctions.functions.create","cloudfunctions.functions.delete","cloudfunctions.functions.get","cloudfunctions.functions.list","cloudfunctions.functions.update","cloudfunctions.operations.get","firebase.projects.get","firebasehosting.sites.update"]
[debug] [2026-01-04T00:07:20.675Z] Checked if tokens are valid: true, expires at: 1767488692251
[debug] [2026-01-04T00:07:20.675Z] Checked if tokens are valid: true, expires at: 1767488692251
[debug] [2026-01-04T00:07:20.676Z] >>> [apiv2][query] POST https://cloudresourcemanager.googleapis.com/v1/projects/classroomproctor:testIamPermissions [none]
[debug] [2026-01-04T00:07:20.676Z] >>> [apiv2][(partial)header] POST https://cloudresourcemanager.googleapis.com/v1/projects/classroomproctor:testIamPermissions x-goog-quota-user=projects/classroomproctor
[debug] [2026-01-04T00:07:20.676Z] >>> [apiv2][body] POST https://cloudresourcemanager.googleapis.com/v1/projects/classroomproctor:testIamPermissions {"permissions":["cloudfunctions.functions.create","cloudfunctions.functions.delete","cloudfunctions.functions.get","cloudfunctions.functions.list","cloudfunctions.functions.update","cloudfunctions.operations.get","firebase.projects.get","firebasehosting.sites.update"]}
[debug] [2026-01-04T00:07:20.931Z] <<< [apiv2][status] POST https://cloudresourcemanager.googleapis.com/v1/projects/classroomproctor:testIamPermissions 200
[debug] [2026-01-04T00:07:20.931Z] <<< [apiv2][body] POST https://cloudresourcemanager.googleapis.com/v1/projects/classroomproctor:testIamPermissions {"permissions":["cloudfunctions.functions.create","cloudfunctions.functions.delete","cloudfunctions.functions.get","cloudfunctions.functions.list","cloudfunctions.functions.update","cloudfunctions.operations.get","firebase.projects.get","firebasehosting.sites.update"]}
[debug] [2026-01-04T00:07:20.932Z] Checked if tokens are valid: true, expires at: 1767488692251
[debug] [2026-01-04T00:07:20.932Z] Checked if tokens are valid: true, expires at: 1767488692251
[debug] [2026-01-04T00:07:20.932Z] >>> [apiv2][query] POST https://iam.googleapis.com/v1/projects/classroomproctor/serviceAccounts/classroomproctor@appspot.gserviceaccount.com:testIamPermissions [none]
[debug] [2026-01-04T00:07:20.932Z] >>> [apiv2][body] POST https://iam.googleapis.com/v1/projects/classroomproctor/serviceAccounts/classroomproctor@appspot.gserviceaccount.com:testIamPermissions {"permissions":["iam.serviceAccounts.actAs"]}
[debug] [2026-01-04T00:07:21.156Z] <<< [apiv2][status] POST https://iam.googleapis.com/v1/projects/classroomproctor/serviceAccounts/classroomproctor@appspot.gserviceaccount.com:testIamPermissions 200
[debug] [2026-01-04T00:07:21.157Z] <<< [apiv2][body] POST https://iam.googleapis.com/v1/projects/classroomproctor/serviceAccounts/classroomproctor@appspot.gserviceaccount.com:testIamPermissions {"permissions":["iam.serviceAccounts.actAs"]}
[debug] [2026-01-04T00:07:21.157Z] Checked if tokens are valid: true, expires at: 1767488692251
[debug] [2026-01-04T00:07:21.157Z] Checked if tokens are valid: true, expires at: 1767488692251
[debug] [2026-01-04T00:07:21.158Z] >>> [apiv2][query] GET https://firebase.googleapis.com/v1beta1/projects/classroomproctor [none]
[debug] [2026-01-04T00:07:21.393Z] <<< [apiv2][status] GET https://firebase.googleapis.com/v1beta1/projects/classroomproctor 200
[debug] [2026-01-04T00:07:21.393Z] <<< [apiv2][body] GET https://firebase.googleapis.com/v1beta1/projects/classroomproctor {"projectId":"classroomproctor","projectNumber":"600627073908","displayName":"ClassroomProctor","name":"projects/classroomproctor","resources":{"hostingSite":"classroomproctor","realtimeDatabaseInstance":"classroomproctor-default-rtdb"},"state":"ACTIVE","etag":"1_554854a7-ae90-41b9-93c9-6f8955d07e80"}
[info] 
[info] === Deploying to 'classroomproctor'...
[info] 
[info] i  deploying functions, hosting 
[debug] [2026-01-04T00:07:21.396Z] Checked if tokens are valid: true, expires at: 1767488692251
[debug] [2026-01-04T00:07:21.396Z] Checked if tokens are valid: true, expires at: 1767488692251
[debug] [2026-01-04T00:07:21.397Z] >>> [apiv2][query] GET https://cloudresourcemanager.googleapis.com/v1/projects/classroomproctor [none]
[debug] [2026-01-04T00:07:21.495Z] <<< [apiv2][status] GET https://cloudresourcemanager.googleapis.com/v1/projects/classroomproctor 200
[debug] [2026-01-04T00:07:21.495Z] <<< [apiv2][body] GET https://cloudresourcemanager.googleapis.com/v1/projects/classroomproctor {"projectNumber":"600627073908","projectId":"classroomproctor","lifecycleState":"ACTIVE","name":"ClassroomProctor","labels":{"firebase":"enabled","firebase-core":"disabled"},"createTime":"2025-12-10T11:17:59.428980Z"}
[info] i  functions: preparing codebase default for deployment 
[info] i  functions: ensuring required API cloudfunctions.googleapis.com is enabled... 
[info] i  functions: ensuring required API cloudbuild.googleapis.com is enabled... 
[info] i  artifactregistry: ensuring required API artifactregistry.googleapis.com is enabled... 
[debug] [2026-01-04T00:07:21.497Z] Checked if tokens are valid: true, expires at: 1767488692251
[debug] [2026-01-04T00:07:21.497Z] Checked if tokens are valid: true, expires at: 1767488692251
[debug] [2026-01-04T00:07:21.497Z] >>> [apiv2][query] GET https://firebase.googleapis.com/v1beta1/projects/classroomproctor/adminSdkConfig [none]
[debug] [2026-01-04T00:07:21.859Z] <<< [apiv2][status] GET https://firebase.googleapis.com/v1beta1/projects/classroomproctor/adminSdkConfig 200
[debug] [2026-01-04T00:07:21.860Z] <<< [apiv2][body] GET https://firebase.googleapis.com/v1beta1/projects/classroomproctor/adminSdkConfig {"projectId":"classroomproctor","databaseURL":"https://classroomproctor-default-rtdb.firebaseio.com","storageBucket":"classroomproctor.firebasestorage.app"}
[debug] [2026-01-04T00:07:21.860Z] Checked if tokens are valid: true, expires at: 1767488692251
[debug] [2026-01-04T00:07:21.860Z] Checked if tokens are valid: true, expires at: 1767488692251
[debug] [2026-01-04T00:07:21.860Z] >>> [apiv2][query] GET https://runtimeconfig.googleapis.com/v1beta1/projects/classroomproctor/configs [none]
[debug] [2026-01-04T00:07:22.024Z] <<< [apiv2][status] GET https://runtimeconfig.googleapis.com/v1beta1/projects/classroomproctor/configs 200
[debug] [2026-01-04T00:07:22.024Z] <<< [apiv2][body] GET https://runtimeconfig.googleapis.com/v1beta1/projects/classroomproctor/configs {"configs":[{"name":"projects/classroomproctor/configs/smtp"}]}
[debug] [2026-01-04T00:07:22.024Z] Checked if tokens are valid: true, expires at: 1767488692251
[debug] [2026-01-04T00:07:22.024Z] Checked if tokens are valid: true, expires at: 1767488692251
[debug] [2026-01-04T00:07:22.024Z] >>> [apiv2][query] GET https://runtimeconfig.googleapis.com/v1beta1/projects/classroomproctor/configs/smtp/variables [none]
[debug] [2026-01-04T00:07:22.243Z] <<< [apiv2][status] GET https://runtimeconfig.googleapis.com/v1beta1/projects/classroomproctor/configs/smtp/variables 200
[debug] [2026-01-04T00:07:22.243Z] <<< [apiv2][body] GET https://runtimeconfig.googleapis.com/v1beta1/projects/classroomproctor/configs/smtp/variables {"variables":[{"name":"projects/classroomproctor/configs/smtp/variables/user","updateTime":"2026-01-03T23:12:40.355233741Z"},{"name":"projects/classroomproctor/configs/smtp/variables/host","updateTime":"2026-01-03T23:12:37.644912423Z"},{"name":"projects/classroomproctor/configs/smtp/variables/pass","updateTime":"2026-01-03T23:12:41.379350235Z"},{"name":"projects/classroomproctor/configs/smtp/variables/port","updateTime":"2026-01-03T23:12:39.323479193Z"},{"name":"projects/classroomproctor/configs/smtp/variables/secure","updateTime":"2026-01-03T23:12:38.352677992Z"}]}
[debug] [2026-01-04T00:07:22.243Z] Checked if tokens are valid: true, expires at: 1767488692251
[debug] [2026-01-04T00:07:22.243Z] Checked if tokens are valid: true, expires at: 1767488692251
[debug] [2026-01-04T00:07:22.244Z] Checked if tokens are valid: true, expires at: 1767488692251
[debug] [2026-01-04T00:07:22.244Z] Checked if tokens are valid: true, expires at: 1767488692251
[debug] [2026-01-04T00:07:22.244Z] Checked if tokens are valid: true, expires at: 1767488692251
[debug] [2026-01-04T00:07:22.244Z] Checked if tokens are valid: true, expires at: 1767488692251
[debug] [2026-01-04T00:07:22.244Z] Checked if tokens are valid: true, expires at: 1767488692251
[debug] [2026-01-04T00:07:22.244Z] Checked if tokens are valid: true, expires at: 1767488692251
[debug] [2026-01-04T00:07:22.244Z] Checked if tokens are valid: true, expires at: 1767488692251
[debug] [2026-01-04T00:07:22.244Z] Checked if tokens are valid: true, expires at: 1767488692251
[debug] [2026-01-04T00:07:22.244Z] >>> [apiv2][query] GET https://runtimeconfig.googleapis.com/v1beta1/projects/classroomproctor/configs/smtp/variables/user [none]
[debug] [2026-01-04T00:07:22.244Z] >>> [apiv2][query] GET https://runtimeconfig.googleapis.com/v1beta1/projects/classroomproctor/configs/smtp/variables/host [none]
[debug] [2026-01-04T00:07:22.246Z] >>> [apiv2][query] GET https://runtimeconfig.googleapis.com/v1beta1/projects/classroomproctor/configs/smtp/variables/pass [none]
[debug] [2026-01-04T00:07:22.247Z] >>> [apiv2][query] GET https://runtimeconfig.googleapis.com/v1beta1/projects/classroomproctor/configs/smtp/variables/port [none]
[debug] [2026-01-04T00:07:22.248Z] >>> [apiv2][query] GET https://runtimeconfig.googleapis.com/v1beta1/projects/classroomproctor/configs/smtp/variables/secure [none]
[debug] [2026-01-04T00:07:22.409Z] <<< [apiv2][status] GET https://runtimeconfig.googleapis.com/v1beta1/projects/classroomproctor/configs/smtp/variables/pass 200
[debug] [2026-01-04T00:07:22.409Z] <<< [apiv2][body] GET https://runtimeconfig.googleapis.com/v1beta1/projects/classroomproctor/configs/smtp/variables/pass {"name":"projects/classroomproctor/configs/smtp/variables/pass","updateTime":"2026-01-03T23:12:41.379350235Z","text":"<3Huc8vw"}
[debug] [2026-01-04T00:07:22.476Z] <<< [apiv2][status] GET https://runtimeconfig.googleapis.com/v1beta1/projects/classroomproctor/configs/smtp/variables/user 200
[debug] [2026-01-04T00:07:22.476Z] <<< [apiv2][body] GET https://runtimeconfig.googleapis.com/v1beta1/projects/classroomproctor/configs/smtp/variables/user {"name":"projects/classroomproctor/configs/smtp/variables/user","updateTime":"2026-01-03T23:12:40.355233741Z","text":"email@veritas.courses"}
[debug] [2026-01-04T00:07:22.510Z] <<< [apiv2][status] GET https://runtimeconfig.googleapis.com/v1beta1/projects/classroomproctor/configs/smtp/variables/host 200
[debug] [2026-01-04T00:07:22.510Z] <<< [apiv2][body] GET https://runtimeconfig.googleapis.com/v1beta1/projects/classroomproctor/configs/smtp/variables/host {"name":"projects/classroomproctor/configs/smtp/variables/host","updateTime":"2026-01-03T23:12:37.644912423Z","text":"mail.spacemail.com"}
[debug] [2026-01-04T00:07:22.525Z] <<< [apiv2][status] GET https://runtimeconfig.googleapis.com/v1beta1/projects/classroomproctor/configs/smtp/variables/secure 200
[debug] [2026-01-04T00:07:22.525Z] <<< [apiv2][body] GET https://runtimeconfig.googleapis.com/v1beta1/projects/classroomproctor/configs/smtp/variables/secure {"name":"projects/classroomproctor/configs/smtp/variables/secure","updateTime":"2026-01-03T23:12:38.352677992Z","text":"true"}
[debug] [2026-01-04T00:07:22.537Z] <<< [apiv2][status] GET https://runtimeconfig.googleapis.com/v1beta1/projects/classroomproctor/configs/smtp/variables/port 200
[debug] [2026-01-04T00:07:22.537Z] <<< [apiv2][body] GET https://runtimeconfig.googleapis.com/v1beta1/projects/classroomproctor/configs/smtp/variables/port {"name":"projects/classroomproctor/configs/smtp/variables/port","updateTime":"2026-01-03T23:12:39.323479193Z","text":"465"}
[debug] [2026-01-04T00:07:22.539Z] Validating nodejs source
[warn] ⚠  functions: package.json indicates an outdated version of firebase-functions. Please upgrade using npm install --save firebase-functions@latest in your functions directory. 
[warn] ⚠  functions: Please note that there will be breaking changes when you upgrade. 
[debug] [2026-01-04T00:07:22.946Z] > [functions] package.json contents: {
  "name": "functions",
  "description": "Cloud Functions for Firebase",
  "scripts": {
    "lint": "eslint .",
    "serve": "firebase emulators:start --only functions",
    "shell": "firebase functions:shell",
    "start": "npm run shell",
    "deploy": "firebase deploy --only functions",
    "logs": "firebase functions:log"
  },
  "engines": {
    "node": "22"
  },
  "main": "index.js",
  "dependencies": {
    "firebase-admin": "^12.6.0",
    "firebase-functions": "^6.0.1",
    "nodemailer": "^7.0.12"
  },
  "devDependencies": {
    "eslint": "^8.15.0",
    "eslint-config-google": "^0.14.0",
    "firebase-functions-test": "^3.1.0"
  },
  "private": true
}
[debug] [2026-01-04T00:07:22.947Z] Building nodejs source
[info] i  functions: Loading and analyzing source code for codebase default to determine what to deploy 
[debug] [2026-01-04T00:07:22.947Z] Could not find functions.yaml. Must use http discovery
[debug] [2026-01-04T00:07:22.950Z] Found firebase-functions binary at '/Users/stephenborish/Downloads/VERITAS LIVE (Dec. 5)/veritaslivepoll/functions/node_modules/.bin/firebase-functions'
[info] Serving at port 8244

[debug] [2026-01-04T00:07:23.235Z] Got response from /__/functions.yaml {"endpoints":{"setLiveSessionState":{"availableMemoryMb":null,"timeoutSeconds":null,"minInstances":null,"maxInstances":null,"ingressSettings":null,"concurrency":null,"serviceAccountEmail":null,"vpc":null,"platform":"gcfv2","labels":{},"callableTrigger":{},"entryPoint":"setLiveSessionState"},"onAnswerSubmitted":{"availableMemoryMb":null,"timeoutSeconds":null,"minInstances":null,"maxInstances":null,"ingressSettings":null,"concurrency":null,"serviceAccountEmail":null,"vpc":null,"platform":"gcfv2","labels":{},"eventTrigger":{"eventType":"google.firebase.database.ref.v1.written","eventFilters":{},"eventFilterPathPatterns":{"ref":"answers/{pollId}/{studentEmailKey}","instance":"*"},"retry":false},"entryPoint":"onAnswerSubmitted"},"finalizeSession":{"availableMemoryMb":null,"timeoutSeconds":null,"minInstances":null,"maxInstances":null,"ingressSettings":null,"concurrency":null,"serviceAccountEmail":null,"vpc":null,"platform":"gcfv2","labels":{},"callableTrigger":{},"entryPoint":"finalizeSession"},"getAnalytics":{"availableMemoryMb":null,"timeoutSeconds":null,"minInstances":null,"maxInstances":null,"ingressSettings":null,"concurrency":null,"serviceAccountEmail":null,"vpc":null,"platform":"gcfv2","labels":{},"callableTrigger":{},"entryPoint":"getAnalytics"},"manageProctoring":{"availableMemoryMb":null,"timeoutSeconds":null,"minInstances":null,"maxInstances":null,"ingressSettings":null,"concurrency":null,"serviceAccountEmail":null,"vpc":null,"platform":"gcfv2","labels":{},"callableTrigger":{},"entryPoint":"manageProctoring"},"reportStudentViolation":{"availableMemoryMb":null,"timeoutSeconds":null,"minInstances":null,"maxInstances":null,"ingressSettings":null,"concurrency":null,"serviceAccountEmail":null,"vpc":null,"platform":"gcfv2","labels":{},"callableTrigger":{},"entryPoint":"reportStudentViolation"},"createPoll":{"availableMemoryMb":null,"timeoutSeconds":null,"minInstances":null,"maxInstances":null,"ingressSettings":null,"concurrency":null,"serviceAccountEmail":null,"vpc":null,"platform":"gcfv2","labels":{},"callableTrigger":{},"entryPoint":"createPoll"},"updatePoll":{"availableMemoryMb":null,"timeoutSeconds":null,"minInstances":null,"maxInstances":null,"ingressSettings":null,"concurrency":null,"serviceAccountEmail":null,"vpc":null,"platform":"gcfv2","labels":{},"callableTrigger":{},"entryPoint":"updatePoll"},"manageRoster":{"availableMemoryMb":null,"timeoutSeconds":null,"minInstances":null,"maxInstances":null,"ingressSettings":null,"concurrency":null,"serviceAccountEmail":null,"vpc":null,"platform":"gcfv2","labels":{},"callableTrigger":{},"entryPoint":"manageRoster"},"confirmFullscreen":{"availableMemoryMb":null,"timeoutSeconds":null,"minInstances":null,"maxInstances":null,"ingressSettings":null,"concurrency":null,"serviceAccountEmail":null,"vpc":null,"platform":"gcfv2","labels":{},"callableTrigger":{},"entryPoint":"confirmFullscreen"},"sendEmail":{"availableMemoryMb":null,"timeoutSeconds":null,"minInstances":null,"maxInstances":null,"ingressSettings":null,"concurrency":null,"serviceAccountEmail":null,"vpc":null,"platform":"gcfv2","labels":{},"callableTrigger":{},"entryPoint":"sendEmail"},"manageExams":{"availableMemoryMb":null,"timeoutSeconds":null,"minInstances":null,"maxInstances":null,"ingressSettings":null,"concurrency":null,"serviceAccountEmail":null,"vpc":null,"platform":"gcfv2","labels":{},"callableTrigger":{},"entryPoint":"manageExams"},"manageExamSession":{"availableMemoryMb":null,"timeoutSeconds":null,"minInstances":null,"maxInstances":null,"ingressSettings":null,"concurrency":null,"serviceAccountEmail":null,"vpc":null,"platform":"gcfv2","labels":{},"callableTrigger":{},"entryPoint":"manageExamSession"},"submitExam":{"availableMemoryMb":null,"timeoutSeconds":null,"minInstances":null,"maxInstances":null,"ingressSettings":null,"concurrency":null,"serviceAccountEmail":null,"vpc":null,"platform":"gcfv2","labels":{},"callableTrigger":{},"entryPoint":"submitExam"},"verifyTeacher":{"availableMemoryMb":null,"timeoutSeconds":null,"minInstances":null,"maxInstances":null,"ingressSettings":null,"concurrency":null,"serviceAccountEmail":null,"vpc":null,"platform":"gcfv2","labels":{},"callableTrigger":{},"entryPoint":"verifyTeacher"},"createExamSession":{"availableMemoryMb":null,"timeoutSeconds":null,"minInstances":null,"maxInstances":null,"ingressSettings":null,"concurrency":null,"serviceAccountEmail":null,"vpc":null,"platform":"gcfv2","labels":{},"callableTrigger":{},"entryPoint":"createExamSession"},"joinSession":{"availableMemoryMb":null,"timeoutSeconds":null,"minInstances":null,"maxInstances":null,"ingressSettings":null,"concurrency":null,"serviceAccountEmail":null,"vpc":null,"platform":"gcfv2","labels":{},"callableTrigger":{},"entryPoint":"joinSession"},"sendExamLink":{"availableMemoryMb":null,"timeoutSeconds":null,"minInstances":null,"maxInstances":null,"ingressSettings":null,"concurrency":null,"serviceAccountEmail":null,"vpc":null,"platform":"gcfv2","labels":{},"callableTrigger":{},"entryPoint":"sendExamLink"},"submitProctorLog":{"availableMemoryMb":null,"timeoutSeconds":null,"minInstances":null,"maxInstances":null,"ingressSettings":null,"concurrency":null,"serviceAccountEmail":null,"vpc":null,"platform":"gcfv2","labels":{},"callableTrigger":{},"entryPoint":"submitProctorLog"},"updateSessionState":{"availableMemoryMb":null,"timeoutSeconds":null,"minInstances":null,"maxInstances":null,"ingressSettings":null,"concurrency":null,"serviceAccountEmail":null,"vpc":null,"platform":"gcfv2","labels":{},"callableTrigger":{},"entryPoint":"updateSessionState"},"unlockStudent":{"availableMemoryMb":null,"timeoutSeconds":null,"minInstances":null,"maxInstances":null,"ingressSettings":null,"concurrency":null,"serviceAccountEmail":null,"vpc":null,"platform":"gcfv2","labels":{},"callableTrigger":{},"entryPoint":"unlockStudent"},"submitResponse":{"availableMemoryMb":null,"timeoutSeconds":null,"minInstances":null,"maxInstances":null,"ingressSettings":null,"concurrency":null,"serviceAccountEmail":null,"vpc":null,"platform":"gcfv2","labels":{},"callableTrigger":{},"entryPoint":"submitResponse"},"gradeResponse":{"availableMemoryMb":null,"timeoutSeconds":null,"minInstances":null,"maxInstances":null,"ingressSettings":null,"concurrency":null,"serviceAccountEmail":null,"vpc":null,"platform":"gcfv2","labels":{},"eventTrigger":{"eventType":"google.cloud.firestore.document.v1.created","eventFilters":{"database":"(default)","namespace":"(default)"},"eventFilterPathPatterns":{"document":"sessions/{sessionId}/responses/{responseId}"},"retry":false},"entryPoint":"gradeResponse"},"generateSessionReport":{"availableMemoryMb":null,"timeoutSeconds":null,"minInstances":null,"maxInstances":null,"ingressSettings":null,"concurrency":null,"serviceAccountEmail":null,"vpc":null,"platform":"gcfv2","labels":{},"callableTrigger":{},"entryPoint":"generateSessionReport"},"getUploadSignedUrl":{"availableMemoryMb":null,"timeoutSeconds":null,"minInstances":null,"maxInstances":null,"ingressSettings":null,"concurrency":null,"serviceAccountEmail":null,"vpc":null,"platform":"gcfv2","labels":{},"callableTrigger":{},"entryPoint":"getUploadSignedUrl"},"savePoll":{"availableMemoryMb":null,"timeoutSeconds":null,"minInstances":null,"maxInstances":null,"ingressSettings":null,"concurrency":null,"serviceAccountEmail":null,"vpc":null,"platform":"gcfv2","labels":{},"callableTrigger":{},"entryPoint":"savePoll"},"manageQuestionBank":{"availableMemoryMb":null,"timeoutSeconds":null,"minInstances":null,"maxInstances":null,"ingressSettings":null,"concurrency":null,"serviceAccountEmail":null,"vpc":null,"platform":"gcfv2","labels":{},"callableTrigger":{},"entryPoint":"manageQuestionBank"}},"specVersion":"v1alpha1","requiredAPIs":[],"extensions":{}}
[info] i  extensions: ensuring required API firebaseextensions.googleapis.com is enabled... 
[debug] [2026-01-04T00:07:27.258Z] > command requires scopes: ["email","openid","https://www.googleapis.com/auth/cloudplatformprojects.readonly","https://www.googleapis.com/auth/firebase","https://www.googleapis.com/auth/cloud-platform"]
[debug] [2026-01-04T00:07:27.258Z] > authorizing via signed-in user (stephenborish@gmail.com)
[debug] [2026-01-04T00:07:27.258Z] [iam] checking project classroomproctor for permissions ["firebase.projects.get","firebaseextensions.instances.list"]
[debug] [2026-01-04T00:07:27.258Z] Checked if tokens are valid: true, expires at: 1767488692251
[debug] [2026-01-04T00:07:27.258Z] Checked if tokens are valid: true, expires at: 1767488692251
[debug] [2026-01-04T00:07:27.258Z] >>> [apiv2][query] POST https://cloudresourcemanager.googleapis.com/v1/projects/classroomproctor:testIamPermissions [none]
[debug] [2026-01-04T00:07:27.258Z] >>> [apiv2][(partial)header] POST https://cloudresourcemanager.googleapis.com/v1/projects/classroomproctor:testIamPermissions x-goog-quota-user=projects/classroomproctor
[debug] [2026-01-04T00:07:27.258Z] >>> [apiv2][body] POST https://cloudresourcemanager.googleapis.com/v1/projects/classroomproctor:testIamPermissions {"permissions":["firebase.projects.get","firebaseextensions.instances.list"]}
[debug] [2026-01-04T00:07:27.475Z] <<< [apiv2][status] POST https://cloudresourcemanager.googleapis.com/v1/projects/classroomproctor:testIamPermissions 200
[debug] [2026-01-04T00:07:27.475Z] <<< [apiv2][body] POST https://cloudresourcemanager.googleapis.com/v1/projects/classroomproctor:testIamPermissions {"permissions":["firebase.projects.get","firebaseextensions.instances.list"]}
[debug] [2026-01-04T00:07:27.476Z] Checked if tokens are valid: true, expires at: 1767488692251
[debug] [2026-01-04T00:07:27.476Z] Checked if tokens are valid: true, expires at: 1767488692251
[debug] [2026-01-04T00:07:27.476Z] >>> [apiv2][query] GET https://firebaseextensions.googleapis.com/v1beta/projects/classroomproctor/instances pageSize=100&pageToken=
[debug] [2026-01-04T00:07:27.799Z] <<< [apiv2][status] GET https://firebaseextensions.googleapis.com/v1beta/projects/classroomproctor/instances 200
[debug] [2026-01-04T00:07:27.799Z] <<< [apiv2][body] GET https://firebaseextensions.googleapis.com/v1beta/projects/classroomproctor/instances {}
[info] i  functions: preparing functions directory for uploading... 
[info] i  functions: packaged /Users/stephenborish/Downloads/VERITAS LIVE (Dec. 5)/veritaslivepoll/functions (95.95 KB) for uploading 
[debug] [2026-01-04T00:07:27.829Z] Checked if tokens are valid: true, expires at: 1767488692251
[debug] [2026-01-04T00:07:27.829Z] Checked if tokens are valid: true, expires at: 1767488692251
[debug] [2026-01-04T00:07:27.829Z] >>> [apiv2][query] GET https://cloudfunctions.googleapis.com/v1/projects/classroomproctor/locations/-/functions [none]
[debug] [2026-01-04T00:07:28.411Z] <<< [apiv2][status] GET https://cloudfunctions.googleapis.com/v1/projects/classroomproctor/locations/-/functions 200
[debug] [2026-01-04T00:07:28.411Z] <<< [apiv2][body] GET https://cloudfunctions.googleapis.com/v1/projects/classroomproctor/locations/-/functions {}
[debug] [2026-01-04T00:07:28.412Z] Checked if tokens are valid: true, expires at: 1767488692251
[debug] [2026-01-04T00:07:28.412Z] Checked if tokens are valid: true, expires at: 1767488692251
[debug] [2026-01-04T00:07:28.412Z] >>> [apiv2][query] GET https://cloudfunctions.googleapis.com/v2/projects/classroomproctor/locations/-/functions filter=environment%3D%22GEN_2%22
[debug] [2026-01-04T00:07:28.888Z] <<< [apiv2][status] GET https://cloudfunctions.googleapis.com/v2/projects/classroomproctor/locations/-/functions 200
[debug] [2026-01-04T00:07:28.888Z] <<< [apiv2][body] GET https://cloudfunctions.googleapis.com/v2/projects/classroomproctor/locations/-/functions {"functions":[{"name":"projects/classroomproctor/locations/us-central1/functions/confirmFullscreen","buildConfig":{"build":"projects/600627073908/locations/us-central1/builds/57c0c1d9-dacc-411d-9cec-8f35ee5038d2","runtime":"nodejs22","entryPoint":"confirmFullscreen","source":{"storageSource":{"bucket":"gcf-v2-sources-600627073908-us-central1","object":"confirmFullscreen/function-source.zip","generation":"1767481156138706"}},"environmentVariables":{"GOOGLE_NODE_RUN_SCRIPTS":""},"dockerRepository":"projects/classroomproctor/locations/us-central1/repositories/gcf-artifacts","sourceProvenance":{"resolvedStorageSource":{"bucket":"gcf-v2-sources-600627073908-us-central1","object":"confirmFullscreen/function-source.zip","generation":"1767481156138706"}},"dockerRegistry":"ARTIFACT_REGISTRY","serviceAccount":"projects/classroomproctor/serviceAccounts/600627073908-compute@developer.gserviceaccount.com","automaticUpdatePolicy":{}},"serviceConfig":{"service":"projects/classroomproctor/locations/us-central1/services/confirmfullscreen","timeoutSeconds":60,"environmentVariables":{"FIREBASE_CONFIG":"{\"projectId\":\"classroomproctor\",\"databaseURL\":\"https://classroomproctor-default-rtdb.firebaseio.com\",\"storageBucket\":\"classroomproctor.firebasestorage.app\"}","GCLOUD_PROJECT":"classroomproctor","EVENTARC_CLOUD_EVENT_SOURCE":"projects/classroomproctor/locations/us-central1/services/confirmFullscreen","FUNCTION_TARGET":"confirmFullscreen","LOG_EXECUTION_ID":"true","FUNCTION_SIGNATURE_TYPE":"http"},"maxInstanceCount":20,"ingressSettings":"ALLOW_ALL","uri":"https://confirmfullscreen-7icq5g4sbq-uc.a.run.app","serviceAccountEmail":"600627073908-compute@developer.gserviceaccount.com","availableMemory":"256Mi","allTrafficOnLatestRevision":true,"revision":"confirmfullscreen-00004-jid","maxInstanceRequestConcurrency":80,"availableCpu":"1"},"state":"ACTIVE","updateTime":"2026-01-03T22:59:28.459469853Z","labels":{"deployment-tool":"cli-firebase","deployment-callable":"true","firebase-functions-hash":"40cc65010f9368082a2e623f63c95f251ae7b92a"},"environment":"GEN_2","url":"https://us-central1-classroomproctor.cloudfunctions.net/confirmFullscreen","createTime":"2025-12-31T16:40:46.017186450Z","satisfiesPzi":true},{"name":"projects/classroomproctor/locations/us-central1/functions/reportStudentViolation","buildConfig":{"build":"projects/600627073908/locations/us-central1/builds/57c0c1d9-dacc-411d-9cec-8f35ee5038d2","runtime":"nodejs22","entryPoint":"reportStudentViolation","source":{"storageSource":{"bucket":"gcf-v2-sources-600627073908-us-central1","object":"reportStudentViolation/function-source.zip","generation":"1767481156236097"}},"environmentVariables":{"GOOGLE_NODE_RUN_SCRIPTS":""},"dockerRepository":"projects/classroomproctor/locations/us-central1/repositories/gcf-artifacts","sourceProvenance":{"resolvedStorageSource":{"bucket":"gcf-v2-sources-600627073908-us-central1","object":"reportStudentViolation/function-source.zip","generation":"1767481156236097"}},"dockerRegistry":"ARTIFACT_REGISTRY","serviceAccount":"projects/classroomproctor/serviceAccounts/600627073908-compute@developer.gserviceaccount.com","automaticUpdatePolicy":{}},"serviceConfig":{"service":"projects/classroomproctor/locations/us-central1/services/reportstudentviolation","timeoutSeconds":60,"environmentVariables":{"FIREBASE_CONFIG":"{\"projectId\":\"classroomproctor\",\"databaseURL\":\"https://classroomproctor-default-rtdb.firebaseio.com\",\"storageBucket\":\"classroomproctor.firebasestorage.app\"}","GCLOUD_PROJECT":"classroomproctor","EVENTARC_CLOUD_EVENT_SOURCE":"projects/classroomproctor/locations/us-central1/services/reportStudentViolation","FUNCTION_TARGET":"reportStudentViolation","LOG_EXECUTION_ID":"true","FUNCTION_SIGNATURE_TYPE":"http"},"maxInstanceCount":20,"ingressSettings":"ALLOW_ALL","uri":"https://reportstudentviolation-7icq5g4sbq-uc.a.run.app","serviceAccountEmail":"600627073908-compute@developer.gserviceaccount.com","availableMemory":"256Mi","allTrafficOnLatestRevision":true,"revision":"reportstudentviolation-00004-jag","maxInstanceRequestConcurrency":80,"availableCpu":"1"},"state":"ACTIVE","updateTime":"2026-01-03T22:59:25.185893487Z","labels":{"deployment-tool":"cli-firebase","deployment-callable":"true","firebase-functions-hash":"40cc65010f9368082a2e623f63c95f251ae7b92a"},"environment":"GEN_2","url":"https://us-central1-classroomproctor.cloudfunctions.net/reportStudentViolation","createTime":"2025-12-31T16:40:46.033707604Z","satisfiesPzi":true},{"name":"projects/classroomproctor/locations/us-central1/functions/sendEmail","buildConfig":{"build":"projects/600627073908/locations/us-central1/builds/57c0c1d9-dacc-411d-9cec-8f35ee5038d2","runtime":"nodejs22","entryPoint":"sendEmail","source":{"storageSource":{"bucket":"gcf-v2-sources-600627073908-us-central1","object":"sendEmail/function-source.zip","generation":"1767481156233711"}},"environmentVariables":{"GOOGLE_NODE_RUN_SCRIPTS":""},"dockerRepository":"projects/classroomproctor/locations/us-central1/repositories/gcf-artifacts","sourceProvenance":{"resolvedStorageSource":{"bucket":"gcf-v2-sources-600627073908-us-central1","object":"sendEmail/function-source.zip","generation":"1767481156233711"}},"dockerRegistry":"ARTIFACT_REGISTRY","serviceAccount":"projects/classroomproctor/serviceAccounts/600627073908-compute@developer.gserviceaccount.com","automaticUpdatePolicy":{}},"serviceConfig":{"service":"projects/classroomproctor/locations/us-central1/services/sendemail","timeoutSeconds":60,"environmentVariables":{"FIREBASE_CONFIG":"{\"projectId\":\"classroomproctor\",\"databaseURL\":\"https://classroomproctor-default-rtdb.firebaseio.com\",\"storageBucket\":\"classroomproctor.firebasestorage.app\"}","GCLOUD_PROJECT":"classroomproctor","EVENTARC_CLOUD_EVENT_SOURCE":"projects/classroomproctor/locations/us-central1/services/sendEmail","FUNCTION_TARGET":"sendEmail","LOG_EXECUTION_ID":"true","FUNCTION_SIGNATURE_TYPE":"http"},"maxInstanceCount":20,"ingressSettings":"ALLOW_ALL","uri":"https://sendemail-7icq5g4sbq-uc.a.run.app","serviceAccountEmail":"600627073908-compute@developer.gserviceaccount.com","availableMemory":"256Mi","allTrafficOnLatestRevision":true,"revision":"sendemail-00004-wim","maxInstanceRequestConcurrency":80,"availableCpu":"1"},"state":"ACTIVE","updateTime":"2026-01-03T22:59:25.454320810Z","labels":{"deployment-callable":"true","firebase-functions-hash":"40cc65010f9368082a2e623f63c95f251ae7b92a","deployment-tool":"cli-firebase"},"environment":"GEN_2","url":"https://us-central1-classroomproctor.cloudfunctions.net/sendEmail","createTime":"2025-12-31T16:40:46.081270945Z","satisfiesPzi":true},{"name":"projects/classroomproctor/locations/us-central1/functions/finalizeSession","buildConfig":{"build":"projects/600627073908/locations/us-central1/builds/57c0c1d9-dacc-411d-9cec-8f35ee5038d2","runtime":"nodejs22","entryPoint":"finalizeSession","source":{"storageSource":{"bucket":"gcf-v2-sources-600627073908-us-central1","object":"finalizeSession/function-source.zip","generation":"1767481156154032"}},"environmentVariables":{"GOOGLE_NODE_RUN_SCRIPTS":""},"dockerRepository":"projects/classroomproctor/locations/us-central1/repositories/gcf-artifacts","sourceProvenance":{"resolvedStorageSource":{"bucket":"gcf-v2-sources-600627073908-us-central1","object":"finalizeSession/function-source.zip","generation":"1767481156154032"}},"dockerRegistry":"ARTIFACT_REGISTRY","serviceAccount":"projects/classroomproctor/serviceAccounts/600627073908-compute@developer.gserviceaccount.com","automaticUpdatePolicy":{}},"serviceConfig":{"service":"projects/classroomproctor/locations/us-central1/services/finalizesession","timeoutSeconds":60,"environmentVariables":{"FIREBASE_CONFIG":"{\"projectId\":\"classroomproctor\",\"databaseURL\":\"https://classroomproctor-default-rtdb.firebaseio.com\",\"storageBucket\":\"classroomproctor.firebasestorage.app\"}","GCLOUD_PROJECT":"classroomproctor","EVENTARC_CLOUD_EVENT_SOURCE":"projects/classroomproctor/locations/us-central1/services/finalizeSession","FUNCTION_TARGET":"finalizeSession","LOG_EXECUTION_ID":"true","FUNCTION_SIGNATURE_TYPE":"http"},"maxInstanceCount":20,"ingressSettings":"ALLOW_ALL","uri":"https://finalizesession-7icq5g4sbq-uc.a.run.app","serviceAccountEmail":"600627073908-compute@developer.gserviceaccount.com","availableMemory":"256Mi","allTrafficOnLatestRevision":true,"revision":"finalizesession-00005-dok","maxInstanceRequestConcurrency":80,"availableCpu":"1"},"state":"ACTIVE","updateTime":"2026-01-03T22:59:24.861121003Z","labels":{"deployment-tool":"cli-firebase","deployment-callable":"true","firebase-functions-hash":"40cc65010f9368082a2e623f63c95f251ae7b92a"},"environment":"GEN_2","url":"https://us-central1-classroomproctor.cloudfunctions.net/finalizeSession","createTime":"2025-12-29T21:09:50.054169425Z","satisfiesPzi":true},{"name":"projects/classroomproctor/locations/us-central1/functions/submitExam","buildConfig":{"build":"projects/600627073908/locations/us-central1/builds/57c0c1d9-dacc-411d-9cec-8f35ee5038d2","runtime":"nodejs22","entryPoint":"submitExam","source":{"storageSource":{"bucket":"gcf-v2-sources-600627073908-us-central1","object":"submitExam/function-source.zip","generation":"1767481156110960"}},"environmentVariables":{"GOOGLE_NODE_RUN_SCRIPTS":""},"dockerRepository":"projects/classroomproctor/locations/us-central1/repositories/gcf-artifacts","sourceProvenance":{"resolvedStorageSource":{"bucket":"gcf-v2-sources-600627073908-us-central1","object":"submitExam/function-source.zip","generation":"1767481156110960"}},"dockerRegistry":"ARTIFACT_REGISTRY","serviceAccount":"projects/classroomproctor/serviceAccounts/600627073908-compute@developer.gserviceaccount.com","automaticUpdatePolicy":{}},"serviceConfig":{"service":"projects/classroomproctor/locations/us-central1/services/submitexam","timeoutSeconds":60,"environmentVariables":{"FIREBASE_CONFIG":"{\"projectId\":\"classroomproctor\",\"databaseURL\":\"https://classroomproctor-default-rtdb.firebaseio.com\",\"storageBucket\":\"classroomproctor.firebasestorage.app\"}","GCLOUD_PROJECT":"classroomproctor","EVENTARC_CLOUD_EVENT_SOURCE":"projects/classroomproctor/locations/us-central1/services/submitExam","FUNCTION_TARGET":"submitExam","LOG_EXECUTION_ID":"true","FUNCTION_SIGNATURE_TYPE":"http"},"maxInstanceCount":20,"ingressSettings":"ALLOW_ALL","uri":"https://submitexam-7icq5g4sbq-uc.a.run.app","serviceAccountEmail":"600627073908-compute@developer.gserviceaccount.com","availableMemory":"256Mi","allTrafficOnLatestRevision":true,"revision":"submitexam-00003-vuw","maxInstanceRequestConcurrency":80,"availableCpu":"1"},"state":"ACTIVE","updateTime":"2026-01-03T22:59:25.691980606Z","labels":{"deployment-tool":"cli-firebase","deployment-callable":"true","firebase-functions-hash":"40cc65010f9368082a2e623f63c95f251ae7b92a"},"environment":"GEN_2","url":"https://us-central1-classroomproctor.cloudfunctions.net/submitExam","createTime":"2026-01-03T16:35:04.996141365Z","satisfiesPzi":true},{"name":"projects/classroomproctor/locations/us-central1/functions/manageExams","buildConfig":{"build":"projects/600627073908/locations/us-central1/builds/57c0c1d9-dacc-411d-9cec-8f35ee5038d2","runtime":"nodejs22","entryPoint":"manageExams","source":{"storageSource":{"bucket":"gcf-v2-sources-600627073908-us-central1","object":"manageExams/function-source.zip","generation":"1767481156126025"}},"environmentVariables":{"GOOGLE_NODE_RUN_SCRIPTS":""},"dockerRepository":"projects/classroomproctor/locations/us-central1/repositories/gcf-artifacts","sourceProvenance":{"resolvedStorageSource":{"bucket":"gcf-v2-sources-600627073908-us-central1","object":"manageExams/function-source.zip","generation":"1767481156126025"}},"dockerRegistry":"ARTIFACT_REGISTRY","serviceAccount":"projects/classroomproctor/serviceAccounts/600627073908-compute@developer.gserviceaccount.com","automaticUpdatePolicy":{}},"serviceConfig":{"service":"projects/classroomproctor/locations/us-central1/services/manageexams","timeoutSeconds":60,"environmentVariables":{"FIREBASE_CONFIG":"{\"projectId\":\"classroomproctor\",\"databaseURL\":\"https://classroomproctor-default-rtdb.firebaseio.com\",\"storageBucket\":\"classroomproctor.firebasestorage.app\"}","GCLOUD_PROJECT":"classroomproctor","EVENTARC_CLOUD_EVENT_SOURCE":"projects/classroomproctor/locations/us-central1/services/manageExams","FUNCTION_TARGET":"manageExams","LOG_EXECUTION_ID":"true","FUNCTION_SIGNATURE_TYPE":"http"},"maxInstanceCount":20,"ingressSettings":"ALLOW_ALL","uri":"https://manageexams-7icq5g4sbq-uc.a.run.app","serviceAccountEmail":"600627073908-compute@developer.gserviceaccount.com","availableMemory":"256Mi","allTrafficOnLatestRevision":true,"revision":"manageexams-00003-siv","maxInstanceRequestConcurrency":80,"availableCpu":"1"},"state":"ACTIVE","updateTime":"2026-01-03T22:59:28.752991605Z","labels":{"firebase-functions-hash":"40cc65010f9368082a2e623f63c95f251ae7b92a","deployment-tool":"cli-firebase","deployment-callable":"true"},"environment":"GEN_2","url":"https://us-central1-classroomproctor.cloudfunctions.net/manageExams","createTime":"2026-01-03T16:34:06.653403433Z","satisfiesPzi":true},{"name":"projects/classroomproctor/locations/us-central1/functions/getAnalytics","buildConfig":{"build":"projects/600627073908/locations/us-central1/builds/57c0c1d9-dacc-411d-9cec-8f35ee5038d2","runtime":"nodejs22","entryPoint":"getAnalytics","source":{"storageSource":{"bucket":"gcf-v2-sources-600627073908-us-central1","object":"getAnalytics/function-source.zip","generation":"1767481156158506"}},"environmentVariables":{"GOOGLE_NODE_RUN_SCRIPTS":""},"dockerRepository":"projects/classroomproctor/locations/us-central1/repositories/gcf-artifacts","sourceProvenance":{"resolvedStorageSource":{"bucket":"gcf-v2-sources-600627073908-us-central1","object":"getAnalytics/function-source.zip","generation":"1767481156158506"}},"dockerRegistry":"ARTIFACT_REGISTRY","serviceAccount":"projects/classroomproctor/serviceAccounts/600627073908-compute@developer.gserviceaccount.com","automaticUpdatePolicy":{}},"serviceConfig":{"service":"projects/classroomproctor/locations/us-central1/services/getanalytics","timeoutSeconds":60,"environmentVariables":{"FIREBASE_CONFIG":"{\"projectId\":\"classroomproctor\",\"databaseURL\":\"https://classroomproctor-default-rtdb.firebaseio.com\",\"storageBucket\":\"classroomproctor.firebasestorage.app\"}","GCLOUD_PROJECT":"classroomproctor","EVENTARC_CLOUD_EVENT_SOURCE":"projects/classroomproctor/locations/us-central1/services/getAnalytics","FUNCTION_TARGET":"getAnalytics","LOG_EXECUTION_ID":"true","FUNCTION_SIGNATURE_TYPE":"http"},"maxInstanceCount":20,"ingressSettings":"ALLOW_ALL","uri":"https://getanalytics-7icq5g4sbq-uc.a.run.app","serviceAccountEmail":"600627073908-compute@developer.gserviceaccount.com","availableMemory":"256Mi","allTrafficOnLatestRevision":true,"revision":"getanalytics-00005-his","maxInstanceRequestConcurrency":80,"availableCpu":"1"},"state":"ACTIVE","updateTime":"2026-01-03T22:59:28.076672392Z","labels":{"deployment-callable":"true","firebase-functions-hash":"40cc65010f9368082a2e623f63c95f251ae7b92a","deployment-tool":"cli-firebase"},"environment":"GEN_2","url":"https://us-central1-classroomproctor.cloudfunctions.net/getAnalytics","createTime":"2025-12-29T21:10:38.220952471Z","satisfiesPzi":true},{"name":"projects/classroomproctor/locations/us-central1/functions/manageRoster","buildConfig":{"build":"projects/600627073908/locations/us-central1/builds/57c0c1d9-dacc-411d-9cec-8f35ee5038d2","runtime":"nodejs22","entryPoint":"manageRoster","source":{"storageSource":{"bucket":"gcf-v2-sources-600627073908-us-central1","object":"manageRoster/function-source.zip","generation":"1767481156076940"}},"environmentVariables":{"GOOGLE_NODE_RUN_SCRIPTS":""},"dockerRepository":"projects/classroomproctor/locations/us-central1/repositories/gcf-artifacts","sourceProvenance":{"resolvedStorageSource":{"bucket":"gcf-v2-sources-600627073908-us-central1","object":"manageRoster/function-source.zip","generation":"1767481156076940"}},"dockerRegistry":"ARTIFACT_REGISTRY","serviceAccount":"projects/classroomproctor/serviceAccounts/600627073908-compute@developer.gserviceaccount.com","automaticUpdatePolicy":{}},"serviceConfig":{"service":"projects/classroomproctor/locations/us-central1/services/manageroster","timeoutSeconds":60,"environmentVariables":{"FIREBASE_CONFIG":"{\"projectId\":\"classroomproctor\",\"databaseURL\":\"https://classroomproctor-default-rtdb.firebaseio.com\",\"storageBucket\":\"classroomproctor.firebasestorage.app\"}","GCLOUD_PROJECT":"classroomproctor","EVENTARC_CLOUD_EVENT_SOURCE":"projects/classroomproctor/locations/us-central1/services/manageRoster","FUNCTION_TARGET":"manageRoster","LOG_EXECUTION_ID":"true","FUNCTION_SIGNATURE_TYPE":"http"},"maxInstanceCount":20,"ingressSettings":"ALLOW_ALL","uri":"https://manageroster-7icq5g4sbq-uc.a.run.app","serviceAccountEmail":"600627073908-compute@developer.gserviceaccount.com","availableMemory":"256Mi","allTrafficOnLatestRevision":true,"revision":"manageroster-00004-xof","maxInstanceRequestConcurrency":80,"availableCpu":"1"},"state":"ACTIVE","updateTime":"2026-01-03T22:59:25.540270384Z","labels":{"deployment-tool":"cli-firebase","deployment-callable":"true","firebase-functions-hash":"40cc65010f9368082a2e623f63c95f251ae7b92a"},"environment":"GEN_2","url":"https://us-central1-classroomproctor.cloudfunctions.net/manageRoster","createTime":"2025-12-31T16:40:46.093654542Z","satisfiesPzi":true},{"name":"projects/classroomproctor/locations/us-central1/functions/setLiveSessionState","buildConfig":{"build":"projects/600627073908/locations/us-central1/builds/57c0c1d9-dacc-411d-9cec-8f35ee5038d2","runtime":"nodejs22","entryPoint":"setLiveSessionState","source":{"storageSource":{"bucket":"gcf-v2-sources-600627073908-us-central1","object":"setLiveSessionState/function-source.zip","generation":"1767481156135377"}},"environmentVariables":{"GOOGLE_NODE_RUN_SCRIPTS":""},"dockerRepository":"projects/classroomproctor/locations/us-central1/repositories/gcf-artifacts","sourceProvenance":{"resolvedStorageSource":{"bucket":"gcf-v2-sources-600627073908-us-central1","object":"setLiveSessionState/function-source.zip","generation":"1767481156135377"}},"dockerRegistry":"ARTIFACT_REGISTRY","serviceAccount":"projects/classroomproctor/serviceAccounts/600627073908-compute@developer.gserviceaccount.com","automaticUpdatePolicy":{}},"serviceConfig":{"service":"projects/classroomproctor/locations/us-central1/services/setlivesessionstate","timeoutSeconds":60,"environmentVariables":{"FIREBASE_CONFIG":"{\"projectId\":\"classroomproctor\",\"databaseURL\":\"https://classroomproctor-default-rtdb.firebaseio.com\",\"storageBucket\":\"classroomproctor.firebasestorage.app\"}","GCLOUD_PROJECT":"classroomproctor","EVENTARC_CLOUD_EVENT_SOURCE":"projects/classroomproctor/locations/us-central1/services/setLiveSessionState","FUNCTION_TARGET":"setLiveSessionState","LOG_EXECUTION_ID":"true","FUNCTION_SIGNATURE_TYPE":"http"},"maxInstanceCount":20,"ingressSettings":"ALLOW_ALL","uri":"https://setlivesessionstate-7icq5g4sbq-uc.a.run.app","serviceAccountEmail":"600627073908-compute@developer.gserviceaccount.com","availableMemory":"256Mi","allTrafficOnLatestRevision":true,"revision":"setlivesessionstate-00007-xuf","maxInstanceRequestConcurrency":80,"availableCpu":"1"},"state":"ACTIVE","updateTime":"2026-01-03T22:59:25.183757281Z","labels":{"deployment-tool":"cli-firebase","deployment-callable":"true","firebase-functions-hash":"40cc65010f9368082a2e623f63c95f251ae7b92a"},"environment":"GEN_2","url":"https://us-central1-classroomproctor.cloudfunctions.net/setLiveSessionState","createTime":"2025-12-29T19:08:36.934525364Z","satisfiesPzi":true},{"name":"projects/classroomproctor/locations/us-central1/functions/verifyTeacher","buildConfig":{"build":"projects/600627073908/locations/us-central1/builds/57c0c1d9-dacc-411d-9cec-8f35ee5038d2","runtime":"nodejs22","entryPoint":"verifyTeacher","source":{"storageSource":{"bucket":"gcf-v2-sources-600627073908-us-central1","object":"verifyTeacher/function-source.zip","generation":"1767481107286429"}},"environmentVariables":{"GOOGLE_NODE_RUN_SCRIPTS":""},"dockerRepository":"projects/classroomproctor/locations/us-central1/repositories/gcf-artifacts","sourceProvenance":{"resolvedStorageSource":{"bucket":"gcf-v2-sources-600627073908-us-central1","object":"verifyTeacher/function-source.zip","generation":"1767481107286429"}},"dockerRegistry":"ARTIFACT_REGISTRY","serviceAccount":"projects/classroomproctor/serviceAccounts/600627073908-compute@developer.gserviceaccount.com","automaticUpdatePolicy":{}},"serviceConfig":{"service":"projects/classroomproctor/locations/us-central1/services/verifyteacher","timeoutSeconds":60,"environmentVariables":{"FIREBASE_CONFIG":"{\"projectId\":\"classroomproctor\",\"databaseURL\":\"https://classroomproctor-default-rtdb.firebaseio.com\",\"storageBucket\":\"classroomproctor.firebasestorage.app\"}","GCLOUD_PROJECT":"classroomproctor","EVENTARC_CLOUD_EVENT_SOURCE":"projects/classroomproctor/locations/us-central1/services/verifyTeacher","FUNCTION_TARGET":"verifyTeacher","LOG_EXECUTION_ID":"true"},"ingressSettings":"ALLOW_ALL","uri":"https://verifyteacher-7icq5g4sbq-uc.a.run.app","serviceAccountEmail":"600627073908-compute@developer.gserviceaccount.com","availableMemory":"256Mi","allTrafficOnLatestRevision":true,"revision":"verifyteacher-00001-neb","maxInstanceRequestConcurrency":80,"availableCpu":"1"},"state":"ACTIVE","updateTime":"2026-01-03T22:59:24.934401300Z","labels":{"deployment-tool":"cli-firebase","deployment-callable":"true","firebase-functions-hash":"40cc65010f9368082a2e623f63c95f251ae7b92a"},"environment":"GEN_2","url":"https://us-central1-classroomproctor.cloudfunctions.net/verifyTeacher","createTime":"2026-01-03T22:58:27.592079339Z","satisfiesPzi":true},{"name":"projects/classroomproctor/locations/us-central1/functions/manageProctoring","buildConfig":{"build":"projects/600627073908/locations/us-central1/builds/57c0c1d9-dacc-411d-9cec-8f35ee5038d2","runtime":"nodejs22","entryPoint":"manageProctoring","source":{"storageSource":{"bucket":"gcf-v2-sources-600627073908-us-central1","object":"manageProctoring/function-source.zip","generation":"1767481156130692"}},"environmentVariables":{"GOOGLE_NODE_RUN_SCRIPTS":""},"dockerRepository":"projects/classroomproctor/locations/us-central1/repositories/gcf-artifacts","sourceProvenance":{"resolvedStorageSource":{"bucket":"gcf-v2-sources-600627073908-us-central1","object":"manageProctoring/function-source.zip","generation":"1767481156130692"}},"dockerRegistry":"ARTIFACT_REGISTRY","serviceAccount":"projects/classroomproctor/serviceAccounts/600627073908-compute@developer.gserviceaccount.com","automaticUpdatePolicy":{}},"serviceConfig":{"service":"projects/classroomproctor/locations/us-central1/services/manageproctoring","timeoutSeconds":60,"environmentVariables":{"FIREBASE_CONFIG":"{\"projectId\":\"classroomproctor\",\"databaseURL\":\"https://classroomproctor-default-rtdb.firebaseio.com\",\"storageBucket\":\"classroomproctor.firebasestorage.app\"}","GCLOUD_PROJECT":"classroomproctor","EVENTARC_CLOUD_EVENT_SOURCE":"projects/classroomproctor/locations/us-central1/services/manageProctoring","FUNCTION_TARGET":"manageProctoring","LOG_EXECUTION_ID":"true","FUNCTION_SIGNATURE_TYPE":"http"},"maxInstanceCount":20,"ingressSettings":"ALLOW_ALL","uri":"https://manageproctoring-7icq5g4sbq-uc.a.run.app","serviceAccountEmail":"600627073908-compute@developer.gserviceaccount.com","availableMemory":"256Mi","allTrafficOnLatestRevision":true,"revision":"manageproctoring-00004-maq","maxInstanceRequestConcurrency":80,"availableCpu":"1"},"state":"ACTIVE","updateTime":"2026-01-03T22:59:26.128915629Z","labels":{"firebase-functions-hash":"40cc65010f9368082a2e623f63c95f251ae7b92a","deployment-tool":"cli-firebase","deployment-callable":"true"},"environment":"GEN_2","url":"https://us-central1-classroomproctor.cloudfunctions.net/manageProctoring","createTime":"2025-12-31T16:39:58.363155219Z","satisfiesPzi":true},{"name":"projects/classroomproctor/locations/us-central1/functions/manageExamSession","buildConfig":{"build":"projects/600627073908/locations/us-central1/builds/57c0c1d9-dacc-411d-9cec-8f35ee5038d2","runtime":"nodejs22","entryPoint":"manageExamSession","source":{"storageSource":{"bucket":"gcf-v2-sources-600627073908-us-central1","object":"manageExamSession/function-source.zip","generation":"1767481156093196"}},"environmentVariables":{"GOOGLE_NODE_RUN_SCRIPTS":""},"dockerRepository":"projects/classroomproctor/locations/us-central1/repositories/gcf-artifacts","sourceProvenance":{"resolvedStorageSource":{"bucket":"gcf-v2-sources-600627073908-us-central1","object":"manageExamSession/function-source.zip","generation":"1767481156093196"}},"dockerRegistry":"ARTIFACT_REGISTRY","serviceAccount":"projects/classroomproctor/serviceAccounts/600627073908-compute@developer.gserviceaccount.com","automaticUpdatePolicy":{}},"serviceConfig":{"service":"projects/classroomproctor/locations/us-central1/services/manageexamsession","timeoutSeconds":60,"environmentVariables":{"FIREBASE_CONFIG":"{\"projectId\":\"classroomproctor\",\"databaseURL\":\"https://classroomproctor-default-rtdb.firebaseio.com\",\"storageBucket\":\"classroomproctor.firebasestorage.app\"}","GCLOUD_PROJECT":"classroomproctor","EVENTARC_CLOUD_EVENT_SOURCE":"projects/classroomproctor/locations/us-central1/services/manageExamSession","FUNCTION_TARGET":"manageExamSession","LOG_EXECUTION_ID":"true","FUNCTION_SIGNATURE_TYPE":"http"},"maxInstanceCount":20,"ingressSettings":"ALLOW_ALL","uri":"https://manageexamsession-7icq5g4sbq-uc.a.run.app","serviceAccountEmail":"600627073908-compute@developer.gserviceaccount.com","availableMemory":"256Mi","allTrafficOnLatestRevision":true,"revision":"manageexamsession-00003-lim","maxInstanceRequestConcurrency":80,"availableCpu":"1"},"state":"ACTIVE","updateTime":"2026-01-03T22:59:24.894309809Z","labels":{"deployment-tool":"cli-firebase","deployment-callable":"true","firebase-functions-hash":"40cc65010f9368082a2e623f63c95f251ae7b92a"},"environment":"GEN_2","url":"https://us-central1-classroomproctor.cloudfunctions.net/manageExamSession","createTime":"2026-01-03T16:35:05.007962595Z","satisfiesPzi":true},{"name":"projects/classroomproctor/locations/us-central1/functions/updatePoll","buildConfig":{"build":"projects/600627073908/locations/us-central1/builds/57c0c1d9-dacc-411d-9cec-8f35ee5038d2","runtime":"nodejs22","entryPoint":"updatePoll","source":{"storageSource":{"bucket":"gcf-v2-sources-600627073908-us-central1","object":"updatePoll/function-source.zip","generation":"1767481156523574"}},"environmentVariables":{"GOOGLE_NODE_RUN_SCRIPTS":""},"dockerRepository":"projects/classroomproctor/locations/us-central1/repositories/gcf-artifacts","sourceProvenance":{"resolvedStorageSource":{"bucket":"gcf-v2-sources-600627073908-us-central1","object":"updatePoll/function-source.zip","generation":"1767481156523574"}},"dockerRegistry":"ARTIFACT_REGISTRY","serviceAccount":"projects/classroomproctor/serviceAccounts/600627073908-compute@developer.gserviceaccount.com","automaticUpdatePolicy":{}},"serviceConfig":{"service":"projects/classroomproctor/locations/us-central1/services/updatepoll","timeoutSeconds":60,"environmentVariables":{"FIREBASE_CONFIG":"{\"projectId\":\"classroomproctor\",\"databaseURL\":\"https://classroomproctor-default-rtdb.firebaseio.com\",\"storageBucket\":\"classroomproctor.firebasestorage.app\"}","GCLOUD_PROJECT":"classroomproctor","EVENTARC_CLOUD_EVENT_SOURCE":"projects/classroomproctor/locations/us-central1/services/updatePoll","FUNCTION_TARGET":"updatePoll","LOG_EXECUTION_ID":"true","FUNCTION_SIGNATURE_TYPE":"http"},"maxInstanceCount":20,"ingressSettings":"ALLOW_ALL","uri":"https://updatepoll-7icq5g4sbq-uc.a.run.app","serviceAccountEmail":"600627073908-compute@developer.gserviceaccount.com","availableMemory":"256Mi","allTrafficOnLatestRevision":true,"revision":"updatepoll-00004-vot","maxInstanceRequestConcurrency":80,"availableCpu":"1"},"state":"ACTIVE","updateTime":"2026-01-03T22:59:26.373296921Z","labels":{"deployment-tool":"cli-firebase","deployment-callable":"true","firebase-functions-hash":"40cc65010f9368082a2e623f63c95f251ae7b92a"},"environment":"GEN_2","url":"https://us-central1-classroomproctor.cloudfunctions.net/updatePoll","createTime":"2025-12-31T16:40:45.997589315Z","satisfiesPzi":true},{"name":"projects/classroomproctor/locations/us-central1/functions/onAnswerSubmitted","buildConfig":{"build":"projects/600627073908/locations/us-central1/builds/57c0c1d9-dacc-411d-9cec-8f35ee5038d2","runtime":"nodejs22","entryPoint":"onAnswerSubmitted","source":{"storageSource":{"bucket":"gcf-v2-sources-600627073908-us-central1","object":"onAnswerSubmitted/function-source.zip","generation":"1767481156158434"}},"environmentVariables":{"GOOGLE_NODE_RUN_SCRIPTS":""},"dockerRepository":"projects/classroomproctor/locations/us-central1/repositories/gcf-artifacts","sourceProvenance":{"resolvedStorageSource":{"bucket":"gcf-v2-sources-600627073908-us-central1","object":"onAnswerSubmitted/function-source.zip","generation":"1767481156158434"}},"dockerRegistry":"ARTIFACT_REGISTRY","serviceAccount":"projects/classroomproctor/serviceAccounts/600627073908-compute@developer.gserviceaccount.com","automaticUpdatePolicy":{}},"serviceConfig":{"service":"projects/classroomproctor/locations/us-central1/services/onanswersubmitted","timeoutSeconds":60,"environmentVariables":{"FIREBASE_CONFIG":"{\"projectId\":\"classroomproctor\",\"databaseURL\":\"https://classroomproctor-default-rtdb.firebaseio.com\",\"storageBucket\":\"classroomproctor.firebasestorage.app\"}","GCLOUD_PROJECT":"classroomproctor","EVENTARC_CLOUD_EVENT_SOURCE":"projects/classroomproctor/locations/us-central1/services/onAnswerSubmitted","FUNCTION_SIGNATURE_TYPE":"cloudevent","FUNCTION_TARGET":"onAnswerSubmitted","LOG_EXECUTION_ID":"true"},"maxInstanceCount":20,"ingressSettings":"ALLOW_ALL","uri":"https://onanswersubmitted-7icq5g4sbq-uc.a.run.app","serviceAccountEmail":"600627073908-compute@developer.gserviceaccount.com","availableMemory":"256Mi","allTrafficOnLatestRevision":true,"revision":"onanswersubmitted-00007-gok","maxInstanceRequestConcurrency":80,"availableCpu":"1"},"eventTrigger":{"trigger":"projects/classroomproctor/locations/us-central1/triggers/onanswersubmitted-934582","triggerRegion":"us-central1","eventType":"google.firebase.database.ref.v1.written","eventFilters":[{"attribute":"instance","value":"*","operator":"match-path-pattern"},{"attribute":"ref","value":"answers/{pollId}/{studentEmailKey}","operator":"match-path-pattern"}],"pubsubTopic":"projects/classroomproctor/topics/eventarc-us-central1-onanswersubmitted-934582-439","serviceAccountEmail":"600627073908-compute@developer.gserviceaccount.com","retryPolicy":"RETRY_POLICY_DO_NOT_RETRY"},"state":"ACTIVE","updateTime":"2026-01-03T22:59:27.874603573Z","labels":{"firebase-functions-hash":"40cc65010f9368082a2e623f63c95f251ae7b92a","deployment-tool":"cli-firebase"},"environment":"GEN_2","url":"https://us-central1-classroomproctor.cloudfunctions.net/onAnswerSubmitted","createTime":"2025-12-29T19:49:34.100031827Z","satisfiesPzi":true},{"name":"projects/classroomproctor/locations/us-central1/functions/createPoll","buildConfig":{"build":"projects/600627073908/locations/us-central1/builds/57c0c1d9-dacc-411d-9cec-8f35ee5038d2","runtime":"nodejs22","entryPoint":"createPoll","source":{"storageSource":{"bucket":"gcf-v2-sources-600627073908-us-central1","object":"createPoll/function-source.zip","generation":"1767481156146707"}},"environmentVariables":{"GOOGLE_NODE_RUN_SCRIPTS":""},"dockerRepository":"projects/classroomproctor/locations/us-central1/repositories/gcf-artifacts","sourceProvenance":{"resolvedStorageSource":{"bucket":"gcf-v2-sources-600627073908-us-central1","object":"createPoll/function-source.zip","generation":"1767481156146707"}},"dockerRegistry":"ARTIFACT_REGISTRY","serviceAccount":"projects/classroomproctor/serviceAccounts/600627073908-compute@developer.gserviceaccount.com","automaticUpdatePolicy":{}},"serviceConfig":{"service":"projects/classroomproctor/locations/us-central1/services/createpoll","timeoutSeconds":60,"environmentVariables":{"FIREBASE_CONFIG":"{\"projectId\":\"classroomproctor\",\"databaseURL\":\"https://classroomproctor-default-rtdb.firebaseio.com\",\"storageBucket\":\"classroomproctor.firebasestorage.app\"}","GCLOUD_PROJECT":"classroomproctor","EVENTARC_CLOUD_EVENT_SOURCE":"projects/classroomproctor/locations/us-central1/services/createPoll","FUNCTION_TARGET":"createPoll","LOG_EXECUTION_ID":"true","FUNCTION_SIGNATURE_TYPE":"http"},"maxInstanceCount":20,"ingressSettings":"ALLOW_ALL","uri":"https://createpoll-7icq5g4sbq-uc.a.run.app","serviceAccountEmail":"600627073908-compute@developer.gserviceaccount.com","availableMemory":"256Mi","allTrafficOnLatestRevision":true,"revision":"createpoll-00004-buw","maxInstanceRequestConcurrency":80,"availableCpu":"1"},"state":"ACTIVE","updateTime":"2026-01-03T22:59:24.921554299Z","labels":{"firebase-functions-hash":"40cc65010f9368082a2e623f63c95f251ae7b92a","deployment-tool":"cli-firebase","deployment-callable":"true"},"environment":"GEN_2","url":"https://us-central1-classroomproctor.cloudfunctions.net/createPoll","createTime":"2025-12-31T16:40:46.035145798Z","satisfiesPzi":true}]}
[debug] [2026-01-04T00:07:28.890Z] Checked if tokens are valid: true, expires at: 1767488692251
[debug] [2026-01-04T00:07:28.890Z] Checked if tokens are valid: true, expires at: 1767488692251
[debug] [2026-01-04T00:07:28.890Z] >>> [apiv2][query] GET https://firestore.googleapis.com/v1/projects/classroomproctor/databases/(default) [none]
[debug] [2026-01-04T00:07:29.272Z] <<< [apiv2][status] GET https://firestore.googleapis.com/v1/projects/classroomproctor/databases/(default) 200
[debug] [2026-01-04T00:07:29.272Z] <<< [apiv2][body] GET https://firestore.googleapis.com/v1/projects/classroomproctor/databases/(default) {"name":"projects/classroomproctor/databases/(default)","uid":"508ff2b6-8755-4de0-bc88-ad4905b2159e","createTime":"2026-01-04T00:06:33.275047Z","updateTime":"2026-01-04T00:06:33.275047Z","locationId":"nam5","type":"FIRESTORE_NATIVE","concurrencyMode":"PESSIMISTIC","versionRetentionPeriod":"3600s","earliestVersionTime":"2026-01-04T00:06:33.275047Z","appEngineIntegrationMode":"DISABLED","keyPrefix":"s","pointInTimeRecoveryEnablement":"POINT_IN_TIME_RECOVERY_DISABLED","deleteProtectionState":"DELETE_PROTECTION_DISABLED","databaseEdition":"STANDARD","freeTier":true,"realtimeUpdatesMode":"REALTIME_UPDATES_MODE_ENABLED","etag":"IKH3tdPL8JEDMMTw+MDL8JED"}
[info] i  functions: ensuring required API run.googleapis.com is enabled... 
[info] i  functions: ensuring required API eventarc.googleapis.com is enabled... 
[info] i  functions: ensuring required API pubsub.googleapis.com is enabled... 
[info] i  functions: ensuring required API storage.googleapis.com is enabled... 
[info] i  functions: generating the service identity for pubsub.googleapis.com... 
[debug] [2026-01-04T00:07:29.275Z] Checked if tokens are valid: true, expires at: 1767488692251
[debug] [2026-01-04T00:07:29.275Z] Checked if tokens are valid: true, expires at: 1767488692251
[info] i  functions: generating the service identity for eventarc.googleapis.com... 
[debug] [2026-01-04T00:07:29.275Z] Checked if tokens are valid: true, expires at: 1767488692251
[debug] [2026-01-04T00:07:29.275Z] Checked if tokens are valid: true, expires at: 1767488692251
[debug] [2026-01-04T00:07:29.275Z] >>> [apiv2][query] POST https://serviceusage.googleapis.com/v1beta1/projects/600627073908/services/pubsub.googleapis.com:generateServiceIdentity [none]
[debug] [2026-01-04T00:07:29.275Z] >>> [apiv2][(partial)header] POST https://serviceusage.googleapis.com/v1beta1/projects/600627073908/services/pubsub.googleapis.com:generateServiceIdentity x-goog-quota-user=projects/600627073908
[debug] [2026-01-04T00:07:29.275Z] >>> [apiv2][body] POST https://serviceusage.googleapis.com/v1beta1/projects/600627073908/services/pubsub.googleapis.com:generateServiceIdentity {}
[debug] [2026-01-04T00:07:29.276Z] >>> [apiv2][query] POST https://serviceusage.googleapis.com/v1beta1/projects/600627073908/services/eventarc.googleapis.com:generateServiceIdentity [none]
[debug] [2026-01-04T00:07:29.276Z] >>> [apiv2][(partial)header] POST https://serviceusage.googleapis.com/v1beta1/projects/600627073908/services/eventarc.googleapis.com:generateServiceIdentity x-goog-quota-user=projects/600627073908
[debug] [2026-01-04T00:07:29.276Z] >>> [apiv2][body] POST https://serviceusage.googleapis.com/v1beta1/projects/600627073908/services/eventarc.googleapis.com:generateServiceIdentity {}
[debug] [2026-01-04T00:07:29.747Z] <<< [apiv2][status] POST https://serviceusage.googleapis.com/v1beta1/projects/600627073908/services/pubsub.googleapis.com:generateServiceIdentity 200
[debug] [2026-01-04T00:07:29.747Z] <<< [apiv2][body] POST https://serviceusage.googleapis.com/v1beta1/projects/600627073908/services/pubsub.googleapis.com:generateServiceIdentity {"name":"operations/finished.DONE_OPERATION","done":true,"response":{"@type":"type.googleapis.com/google.api.serviceusage.v1beta1.ServiceIdentity","email":"service-600627073908@gcp-sa-pubsub.iam.gserviceaccount.com","uniqueId":"112221481444863752711"}}
[debug] [2026-01-04T00:07:29.849Z] <<< [apiv2][status] POST https://serviceusage.googleapis.com/v1beta1/projects/600627073908/services/eventarc.googleapis.com:generateServiceIdentity 200
[debug] [2026-01-04T00:07:29.850Z] <<< [apiv2][body] POST https://serviceusage.googleapis.com/v1beta1/projects/600627073908/services/eventarc.googleapis.com:generateServiceIdentity {"name":"operations/finished.DONE_OPERATION","done":true,"response":{"@type":"type.googleapis.com/google.api.serviceusage.v1beta1.ServiceIdentity","email":"service-600627073908@gcp-sa-eventarc.iam.gserviceaccount.com","uniqueId":"108075228490354374864"}}
[debug] [2026-01-04T00:07:29.851Z] Checked if tokens are valid: true, expires at: 1767488692251
[debug] [2026-01-04T00:07:29.851Z] Checked if tokens are valid: true, expires at: 1767488692251
[debug] [2026-01-04T00:07:29.851Z] >>> [apiv2][query] GET https://cloudresourcemanager.googleapis.com/v1/projects/classroomproctor [none]
[debug] [2026-01-04T00:07:29.956Z] <<< [apiv2][status] GET https://cloudresourcemanager.googleapis.com/v1/projects/classroomproctor 200
[debug] [2026-01-04T00:07:29.957Z] <<< [apiv2][body] GET https://cloudresourcemanager.googleapis.com/v1/projects/classroomproctor {"projectNumber":"600627073908","projectId":"classroomproctor","lifecycleState":"ACTIVE","name":"ClassroomProctor","labels":{"firebase":"enabled","firebase-core":"disabled"},"createTime":"2025-12-10T11:17:59.428980Z"}
[debug] [2026-01-04T00:07:29.957Z] Checked if tokens are valid: true, expires at: 1767488692251
[debug] [2026-01-04T00:07:29.957Z] Checked if tokens are valid: true, expires at: 1767488692251
[debug] [2026-01-04T00:07:29.957Z] >>> [apiv2][query] GET https://compute.googleapis.com/compute/v1/projects/600627073908 [none]
[debug] [2026-01-04T00:07:30.145Z] <<< [apiv2][status] GET https://compute.googleapis.com/compute/v1/projects/600627073908 403
[debug] [2026-01-04T00:07:30.145Z] <<< [apiv2][body] GET https://compute.googleapis.com/compute/v1/projects/600627073908 {"error":{"code":403,"message":"Compute Engine API has not been used in project 600627073908 before or it is disabled. Enable it by visiting https://console.developers.google.com/apis/api/compute.googleapis.com/overview?project=600627073908 then retry. If you enabled this API recently, wait a few minutes for the action to propagate to our systems and retry.","errors":[{"message":"Compute Engine API has not been used in project 600627073908 before or it is disabled. Enable it by visiting https://console.developers.google.com/apis/api/compute.googleapis.com/overview?project=600627073908 then retry. If you enabled this API recently, wait a few minutes for the action to propagate to our systems and retry.","domain":"usageLimits","reason":"accessNotConfigured","extendedHelp":"https://console.developers.google.com"}],"status":"PERMISSION_DENIED","details":[{"@type":"type.googleapis.com/google.rpc.ErrorInfo","reason":"SERVICE_DISABLED","domain":"googleapis.com","metadata":{"activationUrl":"https://console.developers.google.com/apis/api/compute.googleapis.com/overview?project=600627073908","containerInfo":"600627073908","consumer":"projects/600627073908","serviceTitle":"Compute Engine API","service":"compute.googleapis.com"}},{"@type":"type.googleapis.com/google.rpc.LocalizedMessage","locale":"en-US","message":"Compute Engine API has not been used in project 600627073908 before or it is disabled. Enable it by visiting https://console.developers.google.com/apis/api/compute.googleapis.com/overview?project=600627073908 then retry. If you enabled this API recently, wait a few minutes for the action to propagate to our systems and retry."},{"@type":"type.googleapis.com/google.rpc.Help","links":[{"description":"Google developers console API activation","url":"https://console.developers.google.com/apis/api/compute.googleapis.com/overview?project=600627073908"}]}]}}
[debug] [2026-01-04T00:07:30.145Z] unable to look up default compute service account. Falling back to 600627073908-compute@developer.gserviceaccount.com. Error: {"name":"FirebaseError","children":[],"context":{"body":{"error":{"code":403,"message":"Compute Engine API has not been used in project 600627073908 before or it is disabled. Enable it by visiting https://console.developers.google.com/apis/api/compute.googleapis.com/overview?project=600627073908 then retry. If you enabled this API recently, wait a few minutes for the action to propagate to our systems and retry.","errors":[{"message":"Compute Engine API has not been used in project 600627073908 before or it is disabled. Enable it by visiting https://console.developers.google.com/apis/api/compute.googleapis.com/overview?project=600627073908 then retry. If you enabled this API recently, wait a few minutes for the action to propagate to our systems and retry.","domain":"usageLimits","reason":"accessNotConfigured","extendedHelp":"https://console.developers.google.com"}],"status":"PERMISSION_DENIED","details":[{"@type":"type.googleapis.com/google.rpc.ErrorInfo","reason":"SERVICE_DISABLED","domain":"googleapis.com","metadata":{"activationUrl":"https://console.developers.google.com/apis/api/compute.googleapis.com/overview?project=600627073908","containerInfo":"600627073908","consumer":"projects/600627073908","serviceTitle":"Compute Engine API","service":"compute.googleapis.com"}},{"@type":"type.googleapis.com/google.rpc.LocalizedMessage","locale":"en-US","message":"Compute Engine API has not been used in project 600627073908 before or it is disabled. Enable it by visiting https://console.developers.google.com/apis/api/compute.googleapis.com/overview?project=600627073908 then retry. If you enabled this API recently, wait a few minutes for the action to propagate to our systems and retry."},{"@type":"type.googleapis.com/google.rpc.Help","links":[{"description":"Google developers console API activation","url":"https://console.developers.google.com/apis/api/compute.googleapis.com/overview?project=600627073908"}]}]}},"response":{"statusCode":403}},"exit":1,"message":"Request to https://compute.googleapis.com/compute/v1/projects/600627073908 had HTTP Error: 403, Compute Engine API has not been used in project 600627073908 before or it is disabled. Enable it by visiting https://console.developers.google.com/apis/api/compute.googleapis.com/overview?project=600627073908 then retry. If you enabled this API recently, wait a few minutes for the action to propagate to our systems and retry.","status":403}
[debug] [2026-01-04T00:07:30.145Z] Checked if tokens are valid: true, expires at: 1767488692251
[debug] [2026-01-04T00:07:30.145Z] Checked if tokens are valid: true, expires at: 1767488692251
[debug] [2026-01-04T00:07:30.145Z] >>> [apiv2][query] GET https://compute.googleapis.com/compute/v1/projects/600627073908 [none]
[debug] [2026-01-04T00:07:30.228Z] <<< [apiv2][status] GET https://compute.googleapis.com/compute/v1/projects/600627073908 403
[debug] [2026-01-04T00:07:30.228Z] <<< [apiv2][body] GET https://compute.googleapis.com/compute/v1/projects/600627073908 {"error":{"code":403,"message":"Compute Engine API has not been used in project 600627073908 before or it is disabled. Enable it by visiting https://console.developers.google.com/apis/api/compute.googleapis.com/overview?project=600627073908 then retry. If you enabled this API recently, wait a few minutes for the action to propagate to our systems and retry.","errors":[{"message":"Compute Engine API has not been used in project 600627073908 before or it is disabled. Enable it by visiting https://console.developers.google.com/apis/api/compute.googleapis.com/overview?project=600627073908 then retry. If you enabled this API recently, wait a few minutes for the action to propagate to our systems and retry.","domain":"usageLimits","reason":"accessNotConfigured","extendedHelp":"https://console.developers.google.com"}],"status":"PERMISSION_DENIED","details":[{"@type":"type.googleapis.com/google.rpc.ErrorInfo","reason":"SERVICE_DISABLED","domain":"googleapis.com","metadata":{"activationUrl":"https://console.developers.google.com/apis/api/compute.googleapis.com/overview?project=600627073908","consumer":"projects/600627073908","service":"compute.googleapis.com","containerInfo":"600627073908","serviceTitle":"Compute Engine API"}},{"@type":"type.googleapis.com/google.rpc.LocalizedMessage","locale":"en-US","message":"Compute Engine API has not been used in project 600627073908 before or it is disabled. Enable it by visiting https://console.developers.google.com/apis/api/compute.googleapis.com/overview?project=600627073908 then retry. If you enabled this API recently, wait a few minutes for the action to propagate to our systems and retry."},{"@type":"type.googleapis.com/google.rpc.Help","links":[{"description":"Google developers console API activation","url":"https://console.developers.google.com/apis/api/compute.googleapis.com/overview?project=600627073908"}]}]}}
[debug] [2026-01-04T00:07:30.229Z] unable to look up default compute service account. Falling back to 600627073908-compute@developer.gserviceaccount.com. Error: {"name":"FirebaseError","children":[],"context":{"body":{"error":{"code":403,"message":"Compute Engine API has not been used in project 600627073908 before or it is disabled. Enable it by visiting https://console.developers.google.com/apis/api/compute.googleapis.com/overview?project=600627073908 then retry. If you enabled this API recently, wait a few minutes for the action to propagate to our systems and retry.","errors":[{"message":"Compute Engine API has not been used in project 600627073908 before or it is disabled. Enable it by visiting https://console.developers.google.com/apis/api/compute.googleapis.com/overview?project=600627073908 then retry. If you enabled this API recently, wait a few minutes for the action to propagate to our systems and retry.","domain":"usageLimits","reason":"accessNotConfigured","extendedHelp":"https://console.developers.google.com"}],"status":"PERMISSION_DENIED","details":[{"@type":"type.googleapis.com/google.rpc.ErrorInfo","reason":"SERVICE_DISABLED","domain":"googleapis.com","metadata":{"activationUrl":"https://console.developers.google.com/apis/api/compute.googleapis.com/overview?project=600627073908","consumer":"projects/600627073908","service":"compute.googleapis.com","containerInfo":"600627073908","serviceTitle":"Compute Engine API"}},{"@type":"type.googleapis.com/google.rpc.LocalizedMessage","locale":"en-US","message":"Compute Engine API has not been used in project 600627073908 before or it is disabled. Enable it by visiting https://console.developers.google.com/apis/api/compute.googleapis.com/overview?project=600627073908 then retry. If you enabled this API recently, wait a few minutes for the action to propagate to our systems and retry."},{"@type":"type.googleapis.com/google.rpc.Help","links":[{"description":"Google developers console API activation","url":"https://console.developers.google.com/apis/api/compute.googleapis.com/overview?project=600627073908"}]}]}},"response":{"statusCode":403}},"exit":1,"message":"Request to https://compute.googleapis.com/compute/v1/projects/600627073908 had HTTP Error: 403, Compute Engine API has not been used in project 600627073908 before or it is disabled. Enable it by visiting https://console.developers.google.com/apis/api/compute.googleapis.com/overview?project=600627073908 then retry. If you enabled this API recently, wait a few minutes for the action to propagate to our systems and retry.","status":403}
[debug] [2026-01-04T00:07:30.229Z] Checked if tokens are valid: true, expires at: 1767488692251
[debug] [2026-01-04T00:07:30.229Z] Checked if tokens are valid: true, expires at: 1767488692251
[debug] [2026-01-04T00:07:30.229Z] >>> [apiv2][query] GET https://compute.googleapis.com/compute/v1/projects/600627073908 [none]
[debug] [2026-01-04T00:07:30.301Z] <<< [apiv2][status] GET https://compute.googleapis.com/compute/v1/projects/600627073908 403
[debug] [2026-01-04T00:07:30.301Z] <<< [apiv2][body] GET https://compute.googleapis.com/compute/v1/projects/600627073908 {"error":{"code":403,"message":"Compute Engine API has not been used in project 600627073908 before or it is disabled. Enable it by visiting https://console.developers.google.com/apis/api/compute.googleapis.com/overview?project=600627073908 then retry. If you enabled this API recently, wait a few minutes for the action to propagate to our systems and retry.","errors":[{"message":"Compute Engine API has not been used in project 600627073908 before or it is disabled. Enable it by visiting https://console.developers.google.com/apis/api/compute.googleapis.com/overview?project=600627073908 then retry. If you enabled this API recently, wait a few minutes for the action to propagate to our systems and retry.","domain":"usageLimits","reason":"accessNotConfigured","extendedHelp":"https://console.developers.google.com"}],"status":"PERMISSION_DENIED","details":[{"@type":"type.googleapis.com/google.rpc.ErrorInfo","reason":"SERVICE_DISABLED","domain":"googleapis.com","metadata":{"service":"compute.googleapis.com","containerInfo":"600627073908","serviceTitle":"Compute Engine API","consumer":"projects/600627073908","activationUrl":"https://console.developers.google.com/apis/api/compute.googleapis.com/overview?project=600627073908"}},{"@type":"type.googleapis.com/google.rpc.LocalizedMessage","locale":"en-US","message":"Compute Engine API has not been used in project 600627073908 before or it is disabled. Enable it by visiting https://console.developers.google.com/apis/api/compute.googleapis.com/overview?project=600627073908 then retry. If you enabled this API recently, wait a few minutes for the action to propagate to our systems and retry."},{"@type":"type.googleapis.com/google.rpc.Help","links":[{"description":"Google developers console API activation","url":"https://console.developers.google.com/apis/api/compute.googleapis.com/overview?project=600627073908"}]}]}}
[debug] [2026-01-04T00:07:30.301Z] unable to look up default compute service account. Falling back to 600627073908-compute@developer.gserviceaccount.com. Error: {"name":"FirebaseError","children":[],"context":{"body":{"error":{"code":403,"message":"Compute Engine API has not been used in project 600627073908 before or it is disabled. Enable it by visiting https://console.developers.google.com/apis/api/compute.googleapis.com/overview?project=600627073908 then retry. If you enabled this API recently, wait a few minutes for the action to propagate to our systems and retry.","errors":[{"message":"Compute Engine API has not been used in project 600627073908 before or it is disabled. Enable it by visiting https://console.developers.google.com/apis/api/compute.googleapis.com/overview?project=600627073908 then retry. If you enabled this API recently, wait a few minutes for the action to propagate to our systems and retry.","domain":"usageLimits","reason":"accessNotConfigured","extendedHelp":"https://console.developers.google.com"}],"status":"PERMISSION_DENIED","details":[{"@type":"type.googleapis.com/google.rpc.ErrorInfo","reason":"SERVICE_DISABLED","domain":"googleapis.com","metadata":{"service":"compute.googleapis.com","containerInfo":"600627073908","serviceTitle":"Compute Engine API","consumer":"projects/600627073908","activationUrl":"https://console.developers.google.com/apis/api/compute.googleapis.com/overview?project=600627073908"}},{"@type":"type.googleapis.com/google.rpc.LocalizedMessage","locale":"en-US","message":"Compute Engine API has not been used in project 600627073908 before or it is disabled. Enable it by visiting https://console.developers.google.com/apis/api/compute.googleapis.com/overview?project=600627073908 then retry. If you enabled this API recently, wait a few minutes for the action to propagate to our systems and retry."},{"@type":"type.googleapis.com/google.rpc.Help","links":[{"description":"Google developers console API activation","url":"https://console.developers.google.com/apis/api/compute.googleapis.com/overview?project=600627073908"}]}]}},"response":{"statusCode":403}},"exit":1,"message":"Request to https://compute.googleapis.com/compute/v1/projects/600627073908 had HTTP Error: 403, Compute Engine API has not been used in project 600627073908 before or it is disabled. Enable it by visiting https://console.developers.google.com/apis/api/compute.googleapis.com/overview?project=600627073908 then retry. If you enabled this API recently, wait a few minutes for the action to propagate to our systems and retry.","status":403}
[debug] [2026-01-04T00:07:30.301Z] Checked if tokens are valid: true, expires at: 1767488692251
[debug] [2026-01-04T00:07:30.301Z] Checked if tokens are valid: true, expires at: 1767488692251
[debug] [2026-01-04T00:07:30.301Z] >>> [apiv2][query] GET https://compute.googleapis.com/compute/v1/projects/600627073908 [none]
